<?xml version="1.0" encoding="UTF-8"?>
<!-- Generated by org.testng.reporters.JUnitReportReporter -->
<testsuite hostname="LAPTOP-Q4LION55" failures="0" tests="4" name="cucumberOptionsdemo.TestNGRunner" time="0.096" errors="0" timestamp="2024-01-12T09:30:29 IST" skipped="0">
  <testcase classname="cucumberOptionsdemo.TestNGRunner" name="runScenario" time="0.064"/>
  <system-out/>
  <testcase classname="cucumberOptionsdemo.TestNGRunner" name="runScenario" time="0.005"/>
  <system-out/>
  <testcase classname="cucumberOptionsdemo.TestNGRunner" name="runScenario" time="0.014"/>
  <system-out/>
  <testcase classname="cucumberOptionsdemo.TestNGRunner" name="runScenario" time="0.013"/>
  <system-out/>
</testsuite> <!-- cucumberOptionsdemo.TestNGRunner -->
